<?xml version="1.0" encoding="UTF-8"?>
<!-- Generated by org.testng.reporters.JUnitXMLReporter -->
<testsuite ignored="10" hostname="ashish" failures="0" tests="8" name="Full_Test" time="105.721" errors="0" timestamp="2022-03-25T18:45:08 IST">
  <testcase classname="testcases.LoginTest" name="loginTest" time="3.853"/>
  <testcase classname="testcases.AddtoCartTest" name="addCartTest" time="28.775"/>
  <testcase classname="testcases.CompleteTest" name="endtoEnd" time="33.934"/>
  <testcase classname="testcases.IndexPageTest" name="verifyLogo" time="0.184"/>
  <testcase classname="testcases.IndexPageTest" name="verifyTitle" time="0.011"/>
  <testcase classname="testcases.SearchPageTest" name="showBookSearch" time="6.389"/>
  <testcase classname="testcases.HomepageTest" name="verifyOrders" time="1.885"/>
  <testcase classname="testcases.HomepageTest" name="verifyWishlist" time="1.42"/>
  <testcase classname="base.BaseClass" name="@BeforeSuite beforeTestSuite" time="0.0">
    <ignored/>
  </testcase> <!-- @BeforeSuite beforeTestSuite -->
  <testcase classname="base.BaseClass" name="@BeforeSuite beforeTestSuite" time="0.0">
    <ignored/>
  </testcase> <!-- @BeforeSuite beforeTestSuite -->
  <testcase classname="base.BaseClass" name="@BeforeSuite beforeTestSuite" time="0.0">
    <ignored/>
  </testcase> <!-- @BeforeSuite beforeTestSuite -->
  <testcase classname="base.BaseClass" name="@BeforeSuite beforeTestSuite" time="0.0">
    <ignored/>
  </testcase> <!-- @BeforeSuite beforeTestSuite -->
  <testcase classname="base.BaseClass" name="@BeforeSuite beforeTestSuite" time="0.0">
    <ignored/>
  </testcase> <!-- @BeforeSuite beforeTestSuite -->
  <testcase classname="base.BaseClass" name="@BeforeTest loadConfig" time="0.0">
    <ignored/>
  </testcase> <!-- @BeforeTest loadConfig -->
  <testcase classname="base.BaseClass" name="@BeforeTest loadConfig" time="0.0">
    <ignored/>
  </testcase> <!-- @BeforeTest loadConfig -->
  <testcase classname="base.BaseClass" name="@BeforeTest loadConfig" time="0.0">
    <ignored/>
  </testcase> <!-- @BeforeTest loadConfig -->
  <testcase classname="base.BaseClass" name="@BeforeTest loadConfig" time="0.0">
    <ignored/>
  </testcase> <!-- @BeforeTest loadConfig -->
  <testcase classname="base.BaseClass" name="@BeforeTest loadConfig" time="0.0">
    <ignored/>
  </testcase> <!-- @BeforeTest loadConfig -->
</testsuite> <!-- Full_Test -->
