<?xml version="1.0" encoding="UTF-8"?>
<!-- Generated by org.testng.reporters.JUnitXMLReporter -->
<testsuite ignored="5" hostname="ashish" failures="1" tests="9" name="Full_Test" time="100.677" errors="0" timestamp="2022-03-27T16:42:09 IST">
  <testcase classname="testcases.LoginTest" name="loginTest" time="3.305"/>
  <testcase classname="testcases.LoginTest" name="loginTest" time="2.894">
    <failure type="java.lang.AssertionError" message="expected [https://www.bookswagon.com/myaccount.aspx] but found [https://www.bookswagon.com/login]">
      <![CDATA[java.lang.AssertionError: expected [https://www.bookswagon.com/myaccount.aspx] but found [https://www.bookswagon.com/login]
at testcases.LoginTest.loginTest(LoginTest.java:47)
at java.base/java.util.ArrayList.forEach(ArrayList.java:1511)
... Removed 32 stack frames]]>
    </failure>
  </testcase> <!-- loginTest -->
  <testcase classname="testcases.AddtoCartTest" name="addCartTest" time="28.059"/>
  <testcase classname="testcases.CompleteTest" name="endtoEnd" time="33.364"/>
  <testcase classname="testcases.IndexPageTest" name="verifyLogo" time="0.092"/>
  <testcase classname="testcases.IndexPageTest" name="verifyTitle" time="0.005"/>
  <testcase classname="testcases.SearchPageTest" name="showBookSearch" time="4.094"/>
  <testcase classname="testcases.HomepageTest" name="verifyOrders" time="1.087"/>
  <testcase classname="testcases.HomepageTest" name="verifyWishlist" time="1.103"/>
  <testcase classname="base.BaseClass" name="@BeforeSuite loadConfig" time="0.0">
    <ignored/>
  </testcase> <!-- @BeforeSuite loadConfig -->
  <testcase classname="base.BaseClass" name="@BeforeSuite loadConfig" time="0.0">
    <ignored/>
  </testcase> <!-- @BeforeSuite loadConfig -->
  <testcase classname="base.BaseClass" name="@BeforeSuite loadConfig" time="0.0">
    <ignored/>
  </testcase> <!-- @BeforeSuite loadConfig -->
  <testcase classname="base.BaseClass" name="@BeforeSuite loadConfig" time="0.0">
    <ignored/>
  </testcase> <!-- @BeforeSuite loadConfig -->
  <testcase classname="base.BaseClass" name="@BeforeSuite loadConfig" time="0.0">
    <ignored/>
  </testcase> <!-- @BeforeSuite loadConfig -->
</testsuite> <!-- Full_Test -->
